2025-04-04 13:16:07.499746 - Received CBT.V508.FILE648.PDS from FILE648.XMI 
2025-04-04 13:16:07.501174 - Found $$$#DATE.txt (text/plain) in CBT.V508.FILE648.PDS, moved to PDS/$$$#DATE
2025-04-04 13:16:07.501333 - Found $$$INDEX.txt (text/plain) in CBT.V508.FILE648.PDS, moved to PDS/$$$INDEX
2025-04-04 13:16:07.501507 - Found $$DOC.txt (text/plain) in CBT.V508.FILE648.PDS, moved to PDS/$$DOC
2025-04-04 13:16:07.501628 - Found $$README.txt (text/plain) in CBT.V508.FILE648.PDS, moved to PDS/$$README
2025-04-04 13:16:07.501746 - Found $ALLOC.jcl (text/plain) in CBT.V508.FILE648.PDS, moved to PDS/$ALLOC
2025-04-04 13:16:07.501903 - Found $COMNDS.txt (text/plain) in CBT.V508.FILE648.PDS, moved to PDS/$COMNDS
2025-04-04 13:16:07.502028 - Found $INSTALL.txt (text/plain) in CBT.V508.FILE648.PDS, moved to PDS/$INSTALL
2025-04-04 13:16:07.502149 - Found $LINK.jcl (text/plain) in CBT.V508.FILE648.PDS, moved to PDS/$LINK
2025-04-04 13:16:07.502286 - Found $MONITOR.txt (text/plain) in CBT.V508.FILE648.PDS, moved to PDS/$MONITOR
2025-04-04 13:16:07.502415 - Found $OPTIONS.txt (text/plain) in CBT.V508.FILE648.PDS, moved to PDS/$OPTIONS
2025-04-04 13:16:07.502536 - Found $RACF.jcl (text/plain) in CBT.V508.FILE648.PDS, moved to PDS/$RACF
2025-04-04 13:16:07.502653 - Found @FILE648.txt (text/plain) in CBT.V508.FILE648.PDS, moved to PDS/@FILE648
2025-04-04 13:16:07.502795 - Found RMSCMD.txt (text/plain) in CBT.V508.FILE648.PDS, moved to PDS/RMSCMD
2025-04-04 13:16:07.502956 - Found RMSFRR.txt (text/plain) in CBT.V508.FILE648.PDS, moved to PDS/RMSFRR
2025-04-04 13:16:07.503107 - Found RMSINI.txt (text/plain) in CBT.V508.FILE648.PDS, moved to PDS/RMSINI
2025-04-04 13:16:07.503248 - Found RMSLOG.txt (text/plain) in CBT.V508.FILE648.PDS, moved to PDS/RMSLOG
2025-04-04 13:16:07.503375 - Found RMSMSG.txt (text/plain) in CBT.V508.FILE648.PDS, moved to PDS/RMSMSG
2025-04-04 13:16:07.503512 - Found RMSRTM.txt (text/plain) in CBT.V508.FILE648.PDS, moved to PDS/RMSRTM
2025-04-04 13:16:07.503632 - Found RMSSRV.txt (text/plain) in CBT.V508.FILE648.PDS, moved to PDS/RMSSRV
2025-04-04 13:16:07.503778 - Found RMSSSI.txt (text/plain) in CBT.V508.FILE648.PDS, moved to PDS/RMSSSI
2025-04-04 13:16:07.503914 - Found RMSSVC.txt (text/plain) in CBT.V508.FILE648.PDS, moved to PDS/RMSSVC
2025-04-04 13:16:07.504057 - Found ZCALL.txt (text/plain) in CBT.V508.FILE648.PDS, moved to PDS/ZCALL
2025-04-04 13:16:07.504182 - Found ZGBLS.txt (text/plain) in CBT.V508.FILE648.PDS, moved to PDS/ZGBLS
2025-04-04 13:16:07.504326 - Found ZGEQU.txt (text/plain) in CBT.V508.FILE648.PDS, moved to PDS/ZGEQU
2025-04-04 13:16:07.504453 - Found ZLOGS.txt (text/plain) in CBT.V508.FILE648.PDS, moved to PDS/ZLOGS
2025-04-04 13:16:07.504611 - Found ZMACS.txt (text/plain) in CBT.V508.FILE648.PDS, moved to PDS/ZMACS
2025-04-04 13:16:07.504728 - Found ZRETRY.txt (text/plain) in CBT.V508.FILE648.PDS, moved to PDS/ZRETRY
2025-04-04 13:16:07.504871 - Found ZRWA.txt (text/plain) in CBT.V508.FILE648.PDS, moved to PDS/ZRWA
2025-04-04 13:16:07.504987 - Found ZSVT.txt (text/plain) in CBT.V508.FILE648.PDS, moved to PDS/ZSVT
2025-04-04 13:16:07.505118 - Found ZTABS.txt (text/plain) in CBT.V508.FILE648.PDS, moved to PDS/ZTABS
2025-04-04 13:16:07.505278 - Found ZTRCE.txt (text/plain) in CBT.V508.FILE648.PDS, moved to PDS/ZTRCE
2025-04-04 13:16:07.505422 - Found ZWTO.txt (text/plain) in CBT.V508.FILE648.PDS, moved to PDS/ZWTO
